<?xml version="1.0" encoding="UTF-8"?><testsuites failures="0" name="dependency-check" tests="2"><testsuite failures="0" id="0" name="C:\Users\Thoma\.m2\repository\com\fasterxml\jackson\core\jackson-core\2.10.2\jackson-core-2.10.2.jar" package="jackson-core-2.10.2.jar" skipped="0" tests="1" timestamp="2020-07-09T10:55:35.5352887"><testcase classname="dependency-check" name="jackson-core-2.10.2.jar"/></testsuite><testsuite failures="0" id="1" name="C:\Users\Thoma\.m2\repository\com\fasterxml\jackson\core\jackson-databind\2.10.2\jackson-databind-2.10.2.jar" package="jackson-databind-2.10.2.jar" skipped="0" tests="1" timestamp="2020-07-09T10:55:35.5352887"><testcase classname="dependency-check" name="jackson-databind-2.10.2.jar"/></testsuite></testsuites>